android/app/build/outputs/mapping/release/seeds.txt
com.example.FlutterApplications.MainActivity: MainActivity()
com.example.FlutterApplications.MainActivity
...
kotlinx.coroutines.android.AndroidExceptionPreHandler: void handleException(kotlin.coroutines.CoroutineContext,java.lang.Throwable)
androidx.window.layout.SidecarWindowBackend$Companion: androidx.window.layout.ExtensionInterfaceCompat initAndVerifyExtension(android.content.Context)
androidx.window.layout.WindowLayoutInfo: int hashCode()
androidx.window.core.Version$Companion: androidx.window.core.Version getCURRENT()
androidx.window.layout.DisplayCompatHelperApi28: int safeInsetBottom(android.view.DisplayCutout)
androidx.window.layout.WindowMetricsCalculatorCompat: androidx.window.layout.WindowMetrics computeMaximumWindowMetrics(android.app.Activity)
androidx.lifecycle.CompositeGeneratedAdaptersObserver
io.flutter.embedding.engine.FlutterJNI: void nativeLoadDartDeferredLibrary(long,int,java.lang.String[])
androidx.window.core.Bounds: android.graphics.Rect toRect()
io.flutter.embedding.engine.systemchannels.TextInputChannel$TextCapitalization: io.flutter.embedding.engine.systemchannels.TextInputChannel$TextCapitalization[] values()
kotlinx.coroutines.CompletedExceptionally: int _handled
androidx.window.layout.WindowInfoTracker$Companion: androidx.window.layout.WindowInfoTrackerDecorator decorator
org.chromium.support_lib_boundary.WebViewProviderBoundaryInterface: void removeWebMessageListener(java.lang.String)
io.flutter.embedding.engine.FlutterJNI: io.flutter.embedding.engine.FlutterJNI spawn(java.lang.String,java.lang.String,java.lang.String,java.util.List)
androidx.window.embedding.SplitRule: float splitRatio
androidx.window.embedding.EmbeddingTranslatingCallback: EmbeddingTranslatingCallback(androidx.window.embedding.EmbeddingInterfaceCompat$EmbeddingCallbackInterface,androidx.window.embedding.EmbeddingAdapter)
kotlin.jvm.internal.FunctionReference: boolean isInline()
kotlinx.coroutines.JobImpl
androidx.window.embedding.ActivityStack: java.util.List getActivities$window_release()
org.chromium.support_lib_boundary.WebSettingsBoundaryInterface$ForceDarkBehavior: int PREFER_MEDIA_QUERY_OVER_FORCE_DARK
org.chromium.support_lib_boundary.WebViewClientBoundaryInterface
androidx.window.embedding.ActivityFilter: boolean matchesActivity(android.app.Activity)
androidx.window.embedding.EmbeddingBackend: void unregisterRule(androidx.window.embedding.EmbeddingRule)
io.flutter.embedding.engine.FlutterJNI: void nativeDispatchEmptyPlatformMessage(long,java.lang.String,int)
androidx.window.layout.FoldingFeature$State: androidx.window.layout.FoldingFeature$State HALF_OPENED
androidx.window.layout.SidecarAdapter: boolean isEqualSidecarWindowLayoutInfo(androidx.window.sidecar.SidecarWindowLayoutInfo,androidx.window.sidecar.SidecarWindowLayoutInfo)
androidx.window.embedding.EmbeddingCompat: void setEmbeddingCallback(androidx.window.embedding.EmbeddingInterfaceCompat$EmbeddingCallbackInterface)
androidx.window.embedding.SplitPairFilter: android.content.ComponentName getPrimaryActivityName()
androidx.window.layout.WindowInfoTracker$Companion: androidx.window.layout.WindowInfoTracker getOrCreate(android.content.Context)
kotlin.jvm.internal.CallableReference: kotlin.reflect.KDeclarationContainer getOwner()
androidx.window.R$styleable: int SplitPlaceholderRule_placeholderActivityName
androidx.window.embedding.SplitPairFilter: android.content.ComponentName getSecondaryActivityName()
org.chromium.support_lib_boundary.SafeBrowsingResponseBoundaryInterface
androidx.window.embedding.SplitController: void removeSplitListener(androidx.core.util.Consumer)
io.flutter.plugin.editing.ImeSyncDeferringInsetsCallback: io.flutter.plugin.editing.ImeSyncDeferringInsetsCallback$AnimationCallback animationCallback
androidx.window.embedding.SplitRule$Api30Impl: androidx.window.embedding.SplitRule$Api30Impl INSTANCE
androidx.window.embedding.MatcherUtils: boolean sDebugMatchers
org.chromium.support_lib_boundary.WebViewProviderBoundaryInterface: android.webkit.WebChromeClient getWebChromeClient()
io.flutter.embedding.engine.FlutterJNI: void onSurfaceDestroyed()