android/app/build/outputs/mapping/release/mapping.txt
# compiler: R8
# compiler_version: 2.1.86
# min_api: 20
# pg_map_id: 7c539e9
# common_typos_disable
...
io.flutter.plugins.webviewflutter.-$$Lambda$GeneratedAndroidWebView$WebViewClientFlutterApi$i7MMJnaOTxGSiejAwhi4qNeQf3I -> io.flutter.plugins.b.k0:
    io.flutter.plugins.webviewflutter.GeneratedAndroidWebView$WebViewClientFlutterApi$Reply f$0 -> a
    void reply(java.lang.Object) -> a
io.flutter.plugins.webviewflutter.-$$Lambda$GeneratedAndroidWebView$WebViewClientFlutterApi$rW7pZweeBkaMBZKNb25100ZcGUI -> io.flutter.plugins.b.l0:
    io.flutter.plugins.webviewflutter.GeneratedAndroidWebView$WebViewClientFlutterApi$Reply f$0 -> a
    void reply(java.lang.Object) -> a
io.flutter.plugins.webviewflutter.-$$Lambda$GeneratedAndroidWebView$WebViewClientFlutterApi$z6UNMWUYwZW5cc1Qmg9zjn90ND8 -> io.flutter.plugins.b.m0:
    io.flutter.plugins.webviewflutter.GeneratedAndroidWebView$WebViewClientFlutterApi$Reply f$0 -> a
    void reply(java.lang.Object) -> a
io.flutter.plugins.webviewflutter.-$$Lambda$GeneratedAndroidWebView$WebViewClientHostApi$S1u30PqnZgNuaFOnvjiHHA6KUO4 -> io.flutter.plugins.b.n0:
    io.flutter.plugins.webviewflutter.GeneratedAndroidWebView$WebViewClientHostApi f$0 -> a
    void onMessage(java.lang.Object,io.flutter.plugin.common.BasicMessageChannel$Reply) -> a
io.flutter.plugins.webviewflutter.-$$Lambda$GeneratedAndroidWebView$WebViewHostApi$-7C07Jg3TNtphTRs2sjXUDc1dlM -> io.flutter.plugins.b.o0:
    io.flutter.plugins.webviewflutter.GeneratedAndroidWebView$WebViewHostApi f$0 -> a
    void onMessage(java.lang.Object,io.flutter.plugin.common.BasicMessageChannel$Reply) -> a
io.flutter.plugins.webviewflutter.-$$Lambda$GeneratedAndroidWebView$WebViewHostApi$-Ku654j6p5eK2Rg8TWbX4TGyKNM -> io.flutter.plugins.b.p0:
    io.flutter.plugins.webviewflutter.GeneratedAndroidWebView$WebViewHostApi f$0 -> a
    void onMessage(java.lang.Object,io.flutter.plugin.common.BasicMessageChannel$Reply) -> a
io.flutter.plugins.webviewflutter.-$$Lambda$GeneratedAndroidWebView$WebViewHostApi$-f1WjqwZxT8JrILa9HL0No8-QUQ -> io.flutter.plugins.b.q0:
    io.flutter.plugins.webviewflutter.GeneratedAndroidWebView$WebViewHostApi f$0 -> a
    void onMessage(java.lang.Object,io.flutter.plugin.common.BasicMessageChannel$Reply) -> a
io.flutter.plugins.webviewflutter.-$$Lambda$GeneratedAndroidWebView$WebViewHostApi$-mrZC5aUz4lmqn2B0t64Yn_M6-c -> io.flutter.plugins.b.r0:
    io.flutter.plugins.webviewflutter.GeneratedAndroidWebView$WebViewHostApi f$0 -> a
    void onMessage(java.lang.Object,io.flutter.plugin.common.BasicMessageChannel$Reply) -> a
io.flutter.plugins.webviewflutter.-$$Lambda$GeneratedAndroidWebView$WebViewHostApi$5lUJkurcvZZqs8it8nMmin_jLx8 -> io.flutter.plugins.b.s0:
    io.flutter.plugins.webviewflutter.GeneratedAndroidWebView$WebViewHostApi f$0 -> a
    void onMessage(java.lang.Object,io.flutter.plugin.common.BasicMessageChannel$Reply) -> a
io.flutter.plugins.webviewflutter.-$$Lambda$GeneratedAndroidWebView$WebViewHostApi$96V0M8rbLFDekBKjTdhTCqMp8Og -> io.flutter.plugins.b.t0:
    io.flutter.plugins.webviewflutter.GeneratedAndroidWebView$WebViewHostApi f$0 -> a
    void onMessage(java.lang.Object,io.flutter.plugin.common.BasicMessageChannel$Reply) -> a
io.flutter.plugins.webviewflutter.-$$Lambda$GeneratedAndroidWebView$WebViewHostApi$A9wAmUoB1TXuEXgp8PUgnCH9auY -> io.flutter.plugins.b.u0:
    io.flutter.plugins.webviewflutter.GeneratedAndroidWebView$WebViewHostApi f$0 -> a
    void onMessage(java.lang.Object,io.flutter.plugin.common.BasicMessageChannel$Reply) -> a
io.flutter.plugins.webviewflutter.-$$Lambda$GeneratedAndroidWebView$WebViewHostApi$BidR27IpEbeB-ppfQFYSAh9k0m4 -> io.flutter.plugins.b.v0:
    io.flutter.plugins.webviewflutter.GeneratedAndroidWebView$WebViewHostApi f$0 -> a
    void onMessage(java.lang.Object,io.flutter.plugin.common.BasicMessageChannel$Reply) -> a