android/app/build/outputs/mapping/release/usage.txt
com.example.FlutterApplications.R$id
com.example.FlutterApplications.R$drawable
com.example.FlutterApplications.R$layout
com.example.FlutterApplications.BuildConfig
com.example.FlutterApplications.R$color
com.example.FlutterApplications.R$string
com.example.FlutterApplications.R$attr
com.example.FlutterApplications.R
com.example.FlutterApplications.R$dimen
com.example.FlutterApplications.R$styleable
com.example.FlutterApplications.R$integer
com.example.FlutterApplications.R$style
com.example.FlutterApplications.R$mipmap
...
androidx.collection.LruCache
kotlinx.coroutines.channels.ChannelsKt__DeprecatedKt$distinctBy$1
kotlin.reflect.KMutableProperty2
androidx.customview.R$attr
androidx.lifecycle.FullLifecycleObserverAdapter:
    void <init>(androidx.lifecycle.FullLifecycleObserver,androidx.lifecycle.LifecycleEventObserver)
kotlin.jvm.Strictfp
androidx.core.content.ContentResolverCompat
androidx.lifecycle.viewmodel.R
kotlinx.coroutines.internal.SegmentOrClosed
androidx.lifecycle.ReportFragment
kotlinx.coroutines.selects.UnbiasedSelectBuilderImpl$invoke$3
kotlinx.coroutines.flow.FlowKt__BuildersKt$asFlow$$inlined$unsafeFlow$2
kotlin.collections.ArraysKt___ArraysKt$asSequence$$inlined$Sequence$2
kotlinx.coroutines.flow.FlowKt__ZipKt$combine$1$1
kotlin.collections.builders.ListBuilderKt
kotlin.LazyKt__LazyJVMKt:
    public static final kotlin.Lazy lazy(kotlin.LazyThreadSafetyMode,kotlin.jvm.functions.Function0)
    public static final kotlin.Lazy lazy(java.lang.Object,kotlin.jvm.functions.Function0)
    public void <init>()
androidx.core.view.WindowInsetsCompat$Type$InsetsType
kotlinx.coroutines.channels.ChannelsKt__DeprecatedKt$zip$1
kotlin.random.XorWowRandom
kotlin.collections.ArraysKt___ArraysKt$groupingBy$1
kotlin.jvm.internal.InlineMarker
androidx.activity.R$drawable
io.flutter.plugin.common.EventChannel
kotlin.jvm.internal.TypeParameterReference
kotlinx.coroutines.flow.FlowKt__ErrorsKt$retry$4
kotlin.comparisons.ComparisonsKt__ComparisonsKt$thenComparator$1
androidx.core.content.ContextCompat$Api16Impl
kotlinx.coroutines.flow.FlowKt__TransformKt$filterNot$$inlined$unsafeTransform$1
kotlinx.coroutines.flow.FlowKt__ShareKt
kotlinx.coroutines.flow.FlowKt__TransformKt$filter$$inlined$unsafeTransform$1
com.ggichure.github.hexcolor.R$attr
androidx.core.content.res.FontResourcesParserCompat$FontFileResourceEntry
androidx.core.internal.view.SupportSubMenu
androidx.core.view.NestedScrollingParent3
io.flutter.embedding.engine.dart.DartExecutor$DartCallback
androidx.core.provider.SelfDestructiveThread$1
kotlin.jvm.internal.markers.KMutableListIterator
kotlin.ParameterName
io.flutter.embedding.engine.FlutterEngineCache:
    public boolean contains(java.lang.String)
    public void clear()
kotlin.collections.CollectionsKt__IteratorsJVMKt$iterator$1
io.flutter.plugins.webviewflutter.R$color
androidx.core.view.ViewParentCompat
kotlin.contracts.ContractBuilder$DefaultImpls
androidx.activity.R$styleable
androidx.webkit.internal.SafeBrowsingResponseImpl:
    public void proceed(boolean)
    public void backToSafety(boolean)
kotlin.LazyKt__LazyJVMKt$WhenMappings
kotlin.jvm.functions.Function4:
    public abstract java.lang.Object invoke(java.lang.Object,java.lang.Object,java.lang.Object,java.lang.Object)
androidx.core.widget.PopupWindowCompat
androidx.webkit.ServiceWorkerWebSettingsCompat
androidx.webkit.internal.ServiceWorkerWebSettingsImpl
androidx.fragment.app.FragmentTransitionImpl$1
io.flutter.app.FlutterActivityDelegate
androidx.core.content.pm.PermissionInfoCompat
kotlin.io.SerializableKt
androidx.core.view.ViewCompat$ScrollIndicators
io.flutter.embedding.android.SplashScreenProvider
androidx.core.view.NestedScrollingParentHelper
kotlin.jvm.internal.ByteSpreadBuilder
io.flutter.embedding.engine.FlutterEngineGroup$Options
kotlin.sequences.SequencesKt___SequencesKt$flatMapIndexed$1
androidx.core.location.LocationManagerCompat$PreRGnssStatusTransport$3
androidx.core.view.accessibility.AccessibilityWindowInfoCompat
kotlinx.coroutines.channels.AbstractChannel$ReceiveSelect
androidx.core.location.LocationManagerCompat
kotlin.text.Typography